<?xml version="1.0" encoding="UTF-8"?>
<testng-results skipped="0" failed="0" total="2" passed="2">
  <reporter-output>
  </reporter-output>
  <suite name="Default suite" duration-ms="50" started-at="2016-09-21T19:27:46Z" finished-at="2016-09-21T19:27:46Z">
    <groups>
    </groups>
    <test name="Default test" duration-ms="50" started-at="2016-09-21T19:27:46Z" finished-at="2016-09-21T19:27:46Z">
      <class name="com.java.practice.selenium.testcases.TestNgExample">
        <test-method status="PASS" signature="method0()[pri:0, instance:com.java.practice.selenium.testcases.TestNgExample@146ba0ac]" name="method0" is-config="true" duration-ms="12" started-at="2016-09-21T12:27:46Z" finished-at="2016-09-21T12:27:46Z">
          <reporter-output>
          </reporter-output>
        </test-method> <!-- method0 -->
        <test-method status="PASS" signature="method1()[pri:0, instance:com.java.practice.selenium.testcases.TestNgExample@146ba0ac]" name="method1" duration-ms="6" started-at="2016-09-21T12:27:46Z" finished-at="2016-09-21T12:27:46Z">
          <reporter-output>
          </reporter-output>
        </test-method> <!-- method1 -->
        <test-method status="PASS" signature="method2()[pri:0, instance:com.java.practice.selenium.testcases.TestNgExample@146ba0ac]" name="method2" duration-ms="7" started-at="2016-09-21T12:27:46Z" finished-at="2016-09-21T12:27:46Z">
          <reporter-output>
          </reporter-output>
        </test-method> <!-- method2 -->
      </class> <!-- com.java.practice.selenium.testcases.TestNgExample -->
    </test> <!-- Default test -->
  </suite> <!-- Default suite -->
</testng-results>
