<?xml version="1.0" encoding="UTF-8"?>
<!-- Generated by org.testng.reporters.JUnitXMLReporter -->
<testsuite hostname="LAPTOP-1MC4TUG8" name="details" tests="3" failures="0" timestamp="13 Sep 2016 04:45:14 GMT" time="0.053" errors="0">
  <testcase name="method1" time="0.01" classname="com.java.practice.selenium.testcases.TestNgExample"/>
  <testcase name="method3" time="0.002" classname="com.java.practice.selenium.testcases.TestNgExample2"/>
  <testcase name="method4" time="0.002" classname="com.java.practice.selenium.testcases.TestNgExample2"/>
</testsuite> <!-- details -->
